Flow report for DE0_NANO
Wed Aug 27 03:16:08 2014
Quartus II 64-Bit Version 13.1.0 Build 162 10/23/2013 SJ Web Edition


---------------------
; Table of Contents ;
---------------------
  1. Legal Notice
  2. Flow Summary
  3. Flow Settings
  4. Flow Non-Default Global Settings
  5. Flow Elapsed Time
  6. Flow OS Summary
  7. Flow Log
  8. Flow Messages
  9. Flow Suppressed Messages



----------------
; Legal Notice ;
----------------
Copyright (C) 1991-2013 Altera Corporation
Your use of Altera Corporation's design tools, logic functions 
and other software and tools, and its AMPP partner logic 
functions, and any output files from any of the foregoing 
(including device programming or simulation files), and any 
associated documentation or information are expressly subject 
to the terms and conditions of the Altera Program License 
Subscription Agreement, Altera MegaCore Function License 
Agreement, or other applicable license agreement, including, 
without limitation, that your use is for the sole purpose of 
programming logic devices manufactured by Altera and sold by 
Altera or its authorized distributors.  Please refer to the 
applicable agreement for further details.



+---------------------------------------------------------------------------------+
; Flow Summary                                                                    ;
+------------------------------------+--------------------------------------------+
; Flow Status                        ; Successful - Wed Aug 27 03:15:54 2014      ;
; Quartus II 64-Bit Version          ; 13.1.0 Build 162 10/23/2013 SJ Web Edition ;
; Revision Name                      ; DE0_NANO                                   ;
; Top-level Entity Name              ; BlueRacer                                  ;
; Family                             ; Cyclone IV E                               ;
; Device                             ; EP4CE22F17C6                               ;
; Timing Models                      ; Final                                      ;
; Total logic elements               ; 16,039 / 22,320 ( 72 % )                   ;
;     Total combinational functions  ; 14,579 / 22,320 ( 65 % )                   ;
;     Dedicated logic registers      ; 4,176 / 22,320 ( 19 % )                    ;
; Total registers                    ; 4176                                       ;
; Total pins                         ; 27 / 154 ( 18 % )                          ;
; Total virtual pins                 ; 0                                          ;
; Total memory bits                  ; 459,207 / 608,256 ( 75 % )                 ;
; Embedded Multiplier 9-bit elements ; 6 / 132 ( 5 % )                            ;
; Total PLLs                         ; 1 / 4 ( 25 % )                             ;
+------------------------------------+--------------------------------------------+


+-----------------------------------------+
; Flow Settings                           ;
+-------------------+---------------------+
; Option            ; Setting             ;
+-------------------+---------------------+
; Start date & time ; 08/27/2014 03:05:29 ;
; Main task         ; Compilation         ;
; Revision Name     ; DE0_NANO            ;
+-------------------+---------------------+


+-----------------------------------------------------------------------------------------------------------------------+
; Flow Non-Default Global Settings                                                                                      ;
+--------------------------------------------+-------------------------------+---------------+-------------+------------+
; Assignment Name                            ; Value                         ; Default Value ; Entity Name ; Section Id ;
+--------------------------------------------+-------------------------------+---------------+-------------+------------+
; BLOCK_DESIGN_NAMING                        ; QuartusII                     ; Auto          ; --          ; --         ;
; COMPILER_SIGNATURE_ID                      ; 2200440170610.140912312904288 ; --            ; --          ; --         ;
; CYCLONEII_OPTIMIZATION_TECHNIQUE           ; Area                          ; Balanced      ; --          ; --         ;
; FITTER_AGGRESSIVE_ROUTABILITY_OPTIMIZATION ; Never                         ; Automatically ; --          ; --         ;
; PARTITION_COLOR                            ; 16764057                      ; --            ; BlueRacer   ; Top        ;
; PARTITION_FITTER_PRESERVATION_LEVEL        ; PLACEMENT_AND_ROUTING         ; --            ; BlueRacer   ; Top        ;
; PARTITION_NETLIST_TYPE                     ; SOURCE                        ; --            ; BlueRacer   ; Top        ;
; SMART_RECOMPILE                            ; On                            ; Off           ; --          ; --         ;
; TOP_LEVEL_ENTITY                           ; BlueRacer                     ; DE0_NANO      ; --          ; --         ;
+--------------------------------------------+-------------------------------+---------------+-------------+------------+


+-------------------------------------------------------------------------------------------------------------------------------+
; Flow Elapsed Time                                                                                                             ;
+---------------------------+--------------+-------------------------+---------------------+------------------------------------+
; Module Name               ; Elapsed Time ; Average Processors Used ; Peak Virtual Memory ; Total CPU Time (on all processors) ;
+---------------------------+--------------+-------------------------+---------------------+------------------------------------+
; Analysis & Synthesis      ; 00:06:16     ; 1.0                     ; 838 MB              ; 00:06:14                           ;
; Fitter                    ; 00:03:58     ; 1.0                     ; 969 MB              ; 00:03:56                           ;
; Assembler                 ; 00:00:02     ; 1.0                     ; 488 MB              ; 00:00:03                           ;
; TimeQuest Timing Analyzer ; 00:00:12     ; 1.0                     ; 654 MB              ; 00:00:12                           ;
; Total                     ; 00:10:28     ; --                      ; --                  ; 00:10:25                           ;
+---------------------------+--------------+-------------------------+---------------------+------------------------------------+


+----------------------------------------------------------------------------------------+
; Flow OS Summary                                                                        ;
+---------------------------+------------------+-----------+------------+----------------+
; Module Name               ; Machine Hostname ; OS Name   ; OS Version ; Processor type ;
+---------------------------+------------------+-----------+------------+----------------+
; Analysis & Synthesis      ; jleitch-laptop2  ; Windows 7 ; 6.2        ; x86_64         ;
; Fitter                    ; jleitch-laptop2  ; Windows 7 ; 6.2        ; x86_64         ;
; Assembler                 ; jleitch-laptop2  ; Windows 7 ; 6.2        ; x86_64         ;
; TimeQuest Timing Analyzer ; jleitch-laptop2  ; Windows 7 ; 6.2        ; x86_64         ;
+---------------------------+------------------+-----------+------------+----------------+


------------
; Flow Log ;
------------
quartus_map --read_settings_files=on --write_settings_files=off DE0_NANO -c DE0_NANO
quartus_fit --read_settings_files=off --write_settings_files=off DE0_NANO -c DE0_NANO
quartus_asm --read_settings_files=off --write_settings_files=off DE0_NANO -c DE0_NANO
quartus_sta DE0_NANO -c DE0_NANO



